0 info it worked if it ends with ok
1 verbose cli [ 'node', '/usr/local/bin/npm', 'install', '-g', 'nodemon' ]
2 info using npm@1.4.7
3 info using node@v0.10.22
4 verbose cache add [ 'nodemon', null ]
5 verbose cache add name=undefined spec="nodemon" args=["nodemon",null]
6 verbose parsed url { protocol: null,
6 verbose parsed url   slashes: null,
6 verbose parsed url   auth: null,
6 verbose parsed url   host: null,
6 verbose parsed url   port: null,
6 verbose parsed url   hostname: null,
6 verbose parsed url   hash: null,
6 verbose parsed url   search: null,
6 verbose parsed url   query: null,
6 verbose parsed url   pathname: 'nodemon',
6 verbose parsed url   path: 'nodemon',
6 verbose parsed url   href: 'nodemon' }
7 silly lockFile 1625b929-nodemon nodemon
8 verbose lock nodemon /home/gvazquez/.npm/1625b929-nodemon.lock
9 silly lockFile 1625b929-nodemon nodemon
10 silly lockFile 1625b929-nodemon nodemon
11 verbose addNamed [ 'nodemon', '' ]
12 verbose addNamed [ null, '*' ]
13 silly lockFile 4f5e51c6-nodemon nodemon@
14 verbose lock nodemon@ /home/gvazquez/.npm/4f5e51c6-nodemon.lock
15 silly addNameRange { name: 'nodemon', range: '*', hasData: false }
16 verbose url raw nodemon
17 verbose url resolving [ 'https://registry.npmjs.org/', './nodemon' ]
18 verbose url resolved https://registry.npmjs.org/nodemon
19 info trying registry request attempt 1 at 16:55:03
20 http GET https://registry.npmjs.org/nodemon
21 info retry will retry, error on last attempt: Error: getaddrinfo EADDRINFO
22 info trying registry request attempt 2 at 16:55:53
23 http GET https://registry.npmjs.org/nodemon
24 info retry will retry, error on last attempt: Error: getaddrinfo EADDRINFO
25 info trying registry request attempt 3 at 16:57:33
26 http GET https://registry.npmjs.org/nodemon
27 silly lockFile 4f5e51c6-nodemon nodemon@
28 silly lockFile 4f5e51c6-nodemon nodemon@
29 error Error: getaddrinfo EADDRINFO
29 error     at errnoException (dns.js:37:11)
29 error     at Object.onanswer [as oncomplete] (dns.js:124:16)
30 error If you need help, you may report this *entire* log,
30 error including the npm and node versions, at:
30 error     <http://github.com/npm/npm/issues>
31 error System Linux 3.8.0-35-generic
32 error command "node" "/usr/local/bin/npm" "install" "-g" "nodemon"
33 error cwd /home/gvazquez/workspace/touchme/tmeapi
34 error node -v v0.10.22
35 error npm -v 1.4.7
36 error syscall getaddrinfo
37 error code EADDRINFO
38 error errno EADDRINFO
39 verbose exit [ 1, true ]
